2026-01-24T14:22:31.6908629Z Container start method called.
2026-01-24T14:22:31.6921405Z Establishing network.
2026-01-24T14:22:31.6927599Z Pulling image: appsvc/php:8.2-fpm_20251016.4.tuxprod.
2026-01-24T14:22:33.6523470Z Container is starting.
2026-01-24T14:22:33.6693686Z Establishing user namespace if not established already.
2026-01-24T14:22:33.6711003Z Establishing network if not established already.
2026-01-24T14:22:33.6723843Z Mounting volumes.
2026-01-24T14:22:33.7317778Z Nested mountpoint 
2026-01-24T14:22:33.7511800Z Nested mountpoint volatile/logs
2026-01-24T14:22:33.7904801Z Nested mountpoint 
2026-01-24T14:22:33.9328245Z Creating container.
2026-01-24T14:22:33.9713645Z Creating pipes for streaming container io.
2026-01-24T14:22:33.9716164Z Creating stdout named pipe at /podr/container/pipe/8a3eae0fbcae_pec83/stdout_131099a965bd45c0b549b2d6eb4bc39c.
2026-01-24T14:22:33.9718911Z Successfully created stdout named pipe at: /podr/container/pipe/8a3eae0fbcae_pec83/stdout_131099a965bd45c0b549b2d6eb4bc39c.
2026-01-24T14:22:33.9720055Z Opening named pipe /podr/container/pipe/8a3eae0fbcae_pec83/stdout_131099a965bd45c0b549b2d6eb4bc39c for reading in non-blocking mode.
2026-01-24T14:22:33.9723600Z Successfully opened named pipe: /podr/container/pipe/8a3eae0fbcae_pec83/stdout_131099a965bd45c0b549b2d6eb4bc39c.
2026-01-24T14:22:33.9727790Z Successfully removed non-blocking flag from /podr/container/pipe/8a3eae0fbcae_pec83/stdout_131099a965bd45c0b549b2d6eb4bc39c.
2026-01-24T14:22:33.9728982Z Creating stderr named pipe at /podr/container/pipe/8a3eae0fbcae_pec83/stderr_eec3352fe1334051b2db2fe9c0a3e1e6.
2026-01-24T14:22:33.9800289Z Successfully created stderr named pipe at: /podr/container/pipe/8a3eae0fbcae_pec83/stderr_eec3352fe1334051b2db2fe9c0a3e1e6.
2026-01-24T14:22:33.9803358Z Opening named pipe /podr/container/pipe/8a3eae0fbcae_pec83/stderr_eec3352fe1334051b2db2fe9c0a3e1e6 for reading in non-blocking mode.
2026-01-24T14:22:33.9805251Z Successfully opened named pipe: /podr/container/pipe/8a3eae0fbcae_pec83/stderr_eec3352fe1334051b2db2fe9c0a3e1e6.
2026-01-24T14:22:33.9806308Z Successfully removed non-blocking flag from /podr/container/pipe/8a3eae0fbcae_pec83/stderr_eec3352fe1334051b2db2fe9c0a3e1e6.
2026-01-24T14:22:33.9808372Z Creating container with image: appsvc/php:8.2-fpm_20251016.4.tuxprod from registry: 10.1.0.5:13209 and fully qualified image name: 10.1.0.5:13209/appsvc/php:8.2-fpm_20251016.4.tuxprod
2026-01-24T14:22:35.1266256Z Starting container: 8a3eae0fbcae_pec83.
2026-01-24T14:22:35.2492123Z Starting watchers and probes.
2026-01-24T14:22:35.2594309Z Starting metrics collection.
2026-01-24T14:22:35.2684559Z Container is running.
2026-01-24T14:22:35.7004421Z Container start method finished after 3977 ms.
2026-01-24T14:23:30.0086839Z Site startup probe succeeded after 54.1180822 seconds.
2026-01-24T14:23:30.5012048Z Site is running with deployment version: 9cbd2c2d-c2b3-48a3-b375-74bdc1f16232
2026-01-24T14:23:30.5015530Z Site started.
2026-01-24T14:23:30.5115531Z Site is running with patch version PHP 8.2.29
2026-01-24T14:23:50.7258888Z Container is terminating. Grace period: 5 seconds.
2026-01-24T14:23:51.0983617Z Stop and delete container. Retry count = 0
2026-01-24T14:23:51.0985462Z Stopping container: d0e60f27a59d_pec83.
2026-01-24T14:23:55.8716994Z Deleting container: d0e60f27a59d_pec83. Retry count = 0
2026-01-24T14:23:56.0915794Z Container spec TerminationMessagePolicy  path 
2026-01-24T14:23:56.1004586Z Container is terminated. Total time elapsed: 5355 ms.
2026-01-24T14:23:56.1023276Z Site: pec83 stopped.
2026-01-24T14:31:39.4308724Z Container start method called.
2026-01-24T14:31:39.4311480Z Establishing network.
2026-01-24T14:31:39.4312455Z Pulling image: appsvc/php:8.2-fpm_20251016.4.tuxprod.
2026-01-24T14:31:40.9193297Z Container is starting.
2026-01-24T14:31:40.9209530Z Establishing user namespace if not established already.
2026-01-24T14:31:40.9296764Z Establishing network if not established already.
2026-01-24T14:31:40.9299385Z Mounting volumes.
2026-01-24T14:31:40.9304403Z Nested mountpoint 
2026-01-24T14:31:40.9406678Z Nested mountpoint volatile/logs
2026-01-24T14:31:41.0108208Z Nested mountpoint 
2026-01-24T14:31:41.1107257Z Creating container.
2026-01-24T14:31:41.1201860Z Creating pipes for streaming container io.
2026-01-24T14:31:41.1304282Z Creating stdout named pipe at /podr/container/pipe/72feaf531f34_pec83/stdout_7336151178ea4e3caa5d69e5727cf9a5.
2026-01-24T14:31:41.1314157Z Successfully created stdout named pipe at: /podr/container/pipe/72feaf531f34_pec83/stdout_7336151178ea4e3caa5d69e5727cf9a5.
2026-01-24T14:31:41.1698264Z Opening named pipe /podr/container/pipe/72feaf531f34_pec83/stdout_7336151178ea4e3caa5d69e5727cf9a5 for reading in non-blocking mode.
2026-01-24T14:31:41.1699685Z Successfully opened named pipe: /podr/container/pipe/72feaf531f34_pec83/stdout_7336151178ea4e3caa5d69e5727cf9a5.
2026-01-24T14:31:41.1700548Z Successfully removed non-blocking flag from /podr/container/pipe/72feaf531f34_pec83/stdout_7336151178ea4e3caa5d69e5727cf9a5.
2026-01-24T14:31:41.1701408Z Creating stderr named pipe at /podr/container/pipe/72feaf531f34_pec83/stderr_3eb95ad2b74c4cd094d3edc1ffda0167.
2026-01-24T14:31:41.1702711Z Successfully created stderr named pipe at: /podr/container/pipe/72feaf531f34_pec83/stderr_3eb95ad2b74c4cd094d3edc1ffda0167.
2026-01-24T14:31:41.1703482Z Opening named pipe /podr/container/pipe/72feaf531f34_pec83/stderr_3eb95ad2b74c4cd094d3edc1ffda0167 for reading in non-blocking mode.
2026-01-24T14:31:41.1704302Z Successfully opened named pipe: /podr/container/pipe/72feaf531f34_pec83/stderr_3eb95ad2b74c4cd094d3edc1ffda0167.
2026-01-24T14:31:41.1704976Z Successfully removed non-blocking flag from /podr/container/pipe/72feaf531f34_pec83/stderr_3eb95ad2b74c4cd094d3edc1ffda0167.
2026-01-24T14:31:41.1705821Z Creating container with image: appsvc/php:8.2-fpm_20251016.4.tuxprod from registry: 10.1.0.4:13209 and fully qualified image name: 10.1.0.4:13209/appsvc/php:8.2-fpm_20251016.4.tuxprod
2026-01-24T14:31:42.7888169Z Starting container: 72feaf531f34_pec83.
2026-01-24T14:31:43.2083073Z Starting watchers and probes.
2026-01-24T14:31:43.2170229Z Starting metrics collection.
2026-01-24T14:31:43.2171754Z Container is running.
2026-01-24T14:31:43.6546851Z Container start method finished after 4223 ms.
2026-01-24T14:31:46.4627097Z Site startup probe failed after 2.7567694 seconds.
2026-01-24T14:31:47.3638615Z Failed to start site. Revert by stopping site.
2026-01-24T14:31:47.3741013Z Container is terminating. Grace period: 5 seconds.
2026-01-24T14:31:47.5422102Z Stop and delete container. Retry count = 0
2026-01-24T14:31:47.5429312Z Stopping container: 72feaf531f34_pec83.
2026-01-24T14:31:52.5402094Z Deleting container: 72feaf531f34_pec83. Retry count = 0
2026-01-24T14:31:52.7623208Z Container spec TerminationMessagePolicy  path 
2026-01-24T14:31:52.7641051Z Container is terminated. Total time elapsed: 5380 ms.
2026-01-24T14:31:52.7732721Z Site container: pec83 terminated during site startup.
2026-01-24T14:31:52.7834898Z Site: pec83 stopped.
2026-01-24T14:32:13.5039505Z Container is terminating. Grace period: 5 seconds.
2026-01-24T14:32:13.5242676Z Stop and delete container. Retry count = 0
2026-01-24T14:32:13.5245488Z Stopping container: 8a3eae0fbcae_pec83.
2026-01-24T14:32:18.8331585Z Deleting container: 8a3eae0fbcae_pec83. Retry count = 0
2026-01-24T14:32:19.2711206Z Container spec TerminationMessagePolicy  path 
2026-01-24T14:32:19.2729836Z Container is terminated. Total time elapsed: 5766 ms.
2026-01-24T14:32:19.2731079Z Site: pec83 stopped.
2026-01-24T14:32:56.5947148Z Container start method called.
2026-01-24T14:32:56.6020438Z Establishing network.
2026-01-24T14:32:56.6021616Z Pulling image: appsvc/php:8.2-fpm_20251016.4.tuxprod.
2026-01-24T14:32:57.2779958Z Container is starting.
2026-01-24T14:32:57.2792106Z Establishing user namespace if not established already.
2026-01-24T14:32:57.2796645Z Establishing network if not established already.
2026-01-24T14:32:57.2801258Z Mounting volumes.
2026-01-24T14:32:57.2888287Z Nested mountpoint 
2026-01-24T14:32:57.3002815Z Nested mountpoint volatile/logs
2026-01-24T14:32:57.3491850Z Nested mountpoint 
2026-01-24T14:32:57.5080479Z Creating container.
2026-01-24T14:32:57.5082054Z Creating pipes for streaming container io.
2026-01-24T14:32:57.5083250Z Creating stdout named pipe at /podr/container/pipe/e63514b5d786_pec83/stdout_989814a5c4d44e98ae26dfd7a8be5727.
2026-01-24T14:32:57.5269467Z Successfully created stdout named pipe at: /podr/container/pipe/e63514b5d786_pec83/stdout_989814a5c4d44e98ae26dfd7a8be5727.
2026-01-24T14:32:57.5271442Z Opening named pipe /podr/container/pipe/e63514b5d786_pec83/stdout_989814a5c4d44e98ae26dfd7a8be5727 for reading in non-blocking mode.
2026-01-24T14:32:57.5273524Z Successfully opened named pipe: /podr/container/pipe/e63514b5d786_pec83/stdout_989814a5c4d44e98ae26dfd7a8be5727.
2026-01-24T14:32:57.5281441Z Successfully removed non-blocking flag from /podr/container/pipe/e63514b5d786_pec83/stdout_989814a5c4d44e98ae26dfd7a8be5727.
2026-01-24T14:32:57.5282890Z Creating stderr named pipe at /podr/container/pipe/e63514b5d786_pec83/stderr_60f6e8acf4f24eff832ea8ad8a7b6c0b.
2026-01-24T14:32:57.5284731Z Successfully created stderr named pipe at: /podr/container/pipe/e63514b5d786_pec83/stderr_60f6e8acf4f24eff832ea8ad8a7b6c0b.
2026-01-24T14:32:57.5285879Z Opening named pipe /podr/container/pipe/e63514b5d786_pec83/stderr_60f6e8acf4f24eff832ea8ad8a7b6c0b for reading in non-blocking mode.
2026-01-24T14:32:57.5287112Z Successfully opened named pipe: /podr/container/pipe/e63514b5d786_pec83/stderr_60f6e8acf4f24eff832ea8ad8a7b6c0b.
2026-01-24T14:32:57.5372704Z Successfully removed non-blocking flag from /podr/container/pipe/e63514b5d786_pec83/stderr_60f6e8acf4f24eff832ea8ad8a7b6c0b.
2026-01-24T14:32:57.5375545Z Creating container with image: appsvc/php:8.2-fpm_20251016.4.tuxprod from registry: 10.1.0.4:13209 and fully qualified image name: 10.1.0.4:13209/appsvc/php:8.2-fpm_20251016.4.tuxprod
2026-01-24T14:32:58.9317159Z Starting container: e63514b5d786_pec83.
2026-01-24T14:32:59.0393810Z Starting watchers and probes.
2026-01-24T14:32:59.0396300Z Starting metrics collection.
2026-01-24T14:32:59.0474330Z Container is running.
2026-01-24T14:32:59.3161933Z Container start method finished after 2684 ms.
2026-01-24T14:33:27.4182326Z Site startup probe succeeded after 28.0627047 seconds.
2026-01-24T14:33:27.9292200Z Site is running with deployment version: 9cbd2c2d-c2b3-48a3-b375-74bdc1f16232
2026-01-24T14:33:27.9310408Z Site started.
2026-01-24T14:33:27.9991853Z Site is running with patch version PHP 8.2.29
2026-01-24T14:41:20.7009405Z Container start method called.
2026-01-24T14:41:20.7010603Z Establishing network.
2026-01-24T14:41:20.7085124Z Pulling image: appsvc/php:8.2-fpm_20251016.4.tuxprod.
2026-01-24T14:41:22.0848418Z Container is starting.
2026-01-24T14:41:22.0850529Z Establishing user namespace if not established already.
2026-01-24T14:41:22.0851505Z Establishing network if not established already.
2026-01-24T14:41:22.0852590Z Mounting volumes.
2026-01-24T14:41:22.0854003Z Nested mountpoint 
2026-01-24T14:41:22.1045323Z Nested mountpoint volatile/logs
2026-01-24T14:41:22.1066159Z Nested mountpoint 
2026-01-24T14:41:22.1776833Z Creating container.
2026-01-24T14:41:22.1858708Z Creating pipes for streaming container io.
2026-01-24T14:41:22.1863928Z Creating stdout named pipe at /podr/container/pipe/e70d40e24920_pec83/stdout_1454b675b6864d559afc82075cf03b5e.
2026-01-24T14:41:22.1868980Z Successfully created stdout named pipe at: /podr/container/pipe/e70d40e24920_pec83/stdout_1454b675b6864d559afc82075cf03b5e.
2026-01-24T14:41:22.1876914Z Opening named pipe /podr/container/pipe/e70d40e24920_pec83/stdout_1454b675b6864d559afc82075cf03b5e for reading in non-blocking mode.
2026-01-24T14:41:22.1971730Z Successfully opened named pipe: /podr/container/pipe/e70d40e24920_pec83/stdout_1454b675b6864d559afc82075cf03b5e.
2026-01-24T14:41:22.2056994Z Successfully removed non-blocking flag from /podr/container/pipe/e70d40e24920_pec83/stdout_1454b675b6864d559afc82075cf03b5e.
2026-01-24T14:41:22.2065640Z Creating stderr named pipe at /podr/container/pipe/e70d40e24920_pec83/stderr_1b1c687bf4f04f15809df866edbbc2a6.
2026-01-24T14:41:22.2070099Z Successfully created stderr named pipe at: /podr/container/pipe/e70d40e24920_pec83/stderr_1b1c687bf4f04f15809df866edbbc2a6.
2026-01-24T14:41:22.2149323Z Opening named pipe /podr/container/pipe/e70d40e24920_pec83/stderr_1b1c687bf4f04f15809df866edbbc2a6 for reading in non-blocking mode.
2026-01-24T14:41:22.2152182Z Successfully opened named pipe: /podr/container/pipe/e70d40e24920_pec83/stderr_1b1c687bf4f04f15809df866edbbc2a6.
2026-01-24T14:41:22.2158575Z Successfully removed non-blocking flag from /podr/container/pipe/e70d40e24920_pec83/stderr_1b1c687bf4f04f15809df866edbbc2a6.
2026-01-24T14:41:22.2164508Z Creating container with image: appsvc/php:8.2-fpm_20251016.4.tuxprod from registry: 10.1.0.5:13209 and fully qualified image name: 10.1.0.5:13209/appsvc/php:8.2-fpm_20251016.4.tuxprod
2026-01-24T14:41:24.6857389Z Starting container: e70d40e24920_pec83.
2026-01-24T14:41:28.1679823Z Container start up interrupted. Revert by terminate.
2026-01-24T14:41:28.1866424Z Container is terminating. Grace period: 5 seconds.
2026-01-24T14:41:28.1952298Z Stop and delete container. Retry count = 0
2026-01-24T14:41:28.1955475Z Stopping container: e70d40e24920_pec83.
2026-01-24T14:41:33.6412778Z Deleting container: e70d40e24920_pec83. Retry count = 0
2026-01-24T14:41:33.8671606Z Container spec TerminationMessagePolicy  path 
2026-01-24T14:41:33.8673268Z Container is terminated. Total time elapsed: 5680 ms.
2026-01-24T14:41:33.8674090Z Site container: pec83 terminated during site startup.
2026-01-24T14:41:34.2096211Z Site container: pec83 terminated. Stopping the entire site.
2026-01-24T14:41:34.2111487Z Site: pec83 stopped.
2026-01-24T14:41:54.2021676Z Container is terminating. Grace period: 5 seconds.
2026-01-24T14:41:54.2116814Z Stop and delete container. Retry count = 0
2026-01-24T14:41:54.2118314Z Stopping container: e63514b5d786_pec83.
2026-01-24T14:41:59.3682803Z Deleting container: e63514b5d786_pec83. Retry count = 0
2026-01-24T14:41:59.5795737Z Container spec TerminationMessagePolicy  path 
2026-01-24T14:41:59.5810397Z Container is terminated. Total time elapsed: 5377 ms.
2026-01-24T14:41:59.5885237Z Site: pec83 stopped.
2026-01-24T14:42:44.6447502Z Container start method called.
2026-01-24T14:42:44.6448739Z Establishing network.
2026-01-24T14:42:44.6449663Z Pulling image: appsvc/php:8.2-fpm_20251016.4.tuxprod.
2026-01-24T14:42:46.4961110Z Container is starting.
2026-01-24T14:42:46.5157206Z Establishing user namespace if not established already.
2026-01-24T14:42:46.5158669Z Establishing network if not established already.
2026-01-24T14:42:46.5162581Z Mounting volumes.
2026-01-24T14:42:46.5165675Z Nested mountpoint 
2026-01-24T14:42:46.5650500Z Nested mountpoint volatile/logs
2026-01-24T14:42:46.5869609Z Nested mountpoint 
2026-01-24T14:42:46.9186696Z Creating container.
2026-01-24T14:42:46.9187897Z Creating pipes for streaming container io.
2026-01-24T14:42:46.9188664Z Creating stdout named pipe at /podr/container/pipe/f04fd3473037_pec83/stdout_9dcdb27d4a3343b7a93473887aedcc9f.
2026-01-24T14:42:46.9273518Z Successfully created stdout named pipe at: /podr/container/pipe/f04fd3473037_pec83/stdout_9dcdb27d4a3343b7a93473887aedcc9f.
2026-01-24T14:42:46.9274642Z Opening named pipe /podr/container/pipe/f04fd3473037_pec83/stdout_9dcdb27d4a3343b7a93473887aedcc9f for reading in non-blocking mode.
2026-01-24T14:42:46.9275632Z Successfully opened named pipe: /podr/container/pipe/f04fd3473037_pec83/stdout_9dcdb27d4a3343b7a93473887aedcc9f.
2026-01-24T14:42:46.9276331Z Successfully removed non-blocking flag from /podr/container/pipe/f04fd3473037_pec83/stdout_9dcdb27d4a3343b7a93473887aedcc9f.
2026-01-24T14:42:46.9277142Z Creating stderr named pipe at /podr/container/pipe/f04fd3473037_pec83/stderr_281f0514841c4f2cb82561eaf8c79fbf.
2026-01-24T14:42:46.9463552Z Successfully created stderr named pipe at: /podr/container/pipe/f04fd3473037_pec83/stderr_281f0514841c4f2cb82561eaf8c79fbf.
2026-01-24T14:42:46.9465018Z Opening named pipe /podr/container/pipe/f04fd3473037_pec83/stderr_281f0514841c4f2cb82561eaf8c79fbf for reading in non-blocking mode.
2026-01-24T14:42:46.9466209Z Successfully opened named pipe: /podr/container/pipe/f04fd3473037_pec83/stderr_281f0514841c4f2cb82561eaf8c79fbf.
2026-01-24T14:42:46.9466929Z Successfully removed non-blocking flag from /podr/container/pipe/f04fd3473037_pec83/stderr_281f0514841c4f2cb82561eaf8c79fbf.
2026-01-24T14:42:46.9467767Z Creating container with image: appsvc/php:8.2-fpm_20251016.4.tuxprod from registry: 10.1.0.5:13209 and fully qualified image name: 10.1.0.5:13209/appsvc/php:8.2-fpm_20251016.4.tuxprod
2026-01-24T14:42:47.3977404Z Starting container: f04fd3473037_pec83.
2026-01-24T14:42:47.4579657Z Starting watchers and probes.
2026-01-24T14:42:47.4584554Z Starting metrics collection.
2026-01-24T14:42:47.4596180Z Container is running.
2026-01-24T14:42:47.9099515Z Container start method finished after 3264 ms.
2026-01-24T14:43:17.0317128Z Site startup probe succeeded after 29.0528617 seconds.
2026-01-24T14:43:17.4509432Z Site is running with deployment version: 9cbd2c2d-c2b3-48a3-b375-74bdc1f16232
2026-01-24T14:43:17.4622496Z Site started.
2026-01-24T14:43:17.5488056Z Site is running with patch version PHP 8.2.29
2026-01-24T14:46:09.7815015Z Site: pec83 stopped.
2026-01-24T14:46:31.1817648Z Container is terminating. Grace period: 5 seconds.
2026-01-24T14:46:31.2694048Z Stop and delete container. Retry count = 0
2026-01-24T14:46:31.2695461Z Stopping container: f04fd3473037_pec83.
2026-01-24T14:46:36.4895069Z Deleting container: f04fd3473037_pec83. Retry count = 0
2026-01-24T14:46:36.8005032Z Container spec TerminationMessagePolicy  path 
2026-01-24T14:46:36.8297563Z Container is terminated. Total time elapsed: 5647 ms.
2026-01-24T14:46:36.8299523Z Site: pec83 stopped.
2026-01-24T14:47:00.6035215Z Container start method called.
2026-01-24T14:47:00.6610159Z Establishing network.
2026-01-24T14:47:00.6611973Z Pulling image: appsvc/php:8.2-fpm_20251016.4.tuxprod.
2026-01-24T14:47:01.2671194Z Container is starting.
2026-01-24T14:47:01.2684571Z Establishing user namespace if not established already.
2026-01-24T14:47:01.2771794Z Establishing network if not established already.
2026-01-24T14:47:01.2773702Z Mounting volumes.
2026-01-24T14:47:01.2786668Z Nested mountpoint 
2026-01-24T14:47:01.3268664Z Nested mountpoint volatile/logs
2026-01-24T14:47:01.4056636Z Nested mountpoint 
2026-01-24T14:47:01.4178423Z Creating container.
2026-01-24T14:47:01.4261274Z Creating pipes for streaming container io.
2026-01-24T14:47:01.4262707Z Creating stdout named pipe at /podr/container/pipe/423202019bc6_pec83/stdout_ca26ef7915f84cb6bd8b5ede25ea0a23.
2026-01-24T14:47:01.4358415Z Successfully created stdout named pipe at: /podr/container/pipe/423202019bc6_pec83/stdout_ca26ef7915f84cb6bd8b5ede25ea0a23.
2026-01-24T14:47:01.4367627Z Opening named pipe /podr/container/pipe/423202019bc6_pec83/stdout_ca26ef7915f84cb6bd8b5ede25ea0a23 for reading in non-blocking mode.
2026-01-24T14:47:01.4456352Z Successfully opened named pipe: /podr/container/pipe/423202019bc6_pec83/stdout_ca26ef7915f84cb6bd8b5ede25ea0a23.
2026-01-24T14:47:01.4461831Z Successfully removed non-blocking flag from /podr/container/pipe/423202019bc6_pec83/stdout_ca26ef7915f84cb6bd8b5ede25ea0a23.
2026-01-24T14:47:01.4469217Z Creating stderr named pipe at /podr/container/pipe/423202019bc6_pec83/stderr_0f1964a0112e4e85a213b1029e0c01f5.
2026-01-24T14:47:01.4472227Z Successfully created stderr named pipe at: /podr/container/pipe/423202019bc6_pec83/stderr_0f1964a0112e4e85a213b1029e0c01f5.
2026-01-24T14:47:01.4676888Z Opening named pipe /podr/container/pipe/423202019bc6_pec83/stderr_0f1964a0112e4e85a213b1029e0c01f5 for reading in non-blocking mode.
2026-01-24T14:47:01.4681175Z Successfully opened named pipe: /podr/container/pipe/423202019bc6_pec83/stderr_0f1964a0112e4e85a213b1029e0c01f5.
2026-01-24T14:47:01.4686884Z Successfully removed non-blocking flag from /podr/container/pipe/423202019bc6_pec83/stderr_0f1964a0112e4e85a213b1029e0c01f5.
2026-01-24T14:47:01.4878783Z Creating container with image: appsvc/php:8.2-fpm_20251016.4.tuxprod from registry: 10.1.0.4:13209 and fully qualified image name: 10.1.0.4:13209/appsvc/php:8.2-fpm_20251016.4.tuxprod
2026-01-24T14:47:03.2835314Z Starting container: 423202019bc6_pec83.
2026-01-24T14:47:03.3723522Z Starting watchers and probes.
2026-01-24T14:47:03.3733260Z Starting metrics collection.
2026-01-24T14:47:03.3825833Z Container is running.
2026-01-24T14:47:03.4632364Z Container start method finished after 2850 ms.
2026-01-24T14:47:47.5273011Z Site startup probe succeeded after 44.0633179 seconds.
2026-01-24T14:47:47.8354557Z Site is running with deployment version: 9cbd2c2d-c2b3-48a3-b375-74bdc1f16232
2026-01-24T14:47:47.8437659Z Site started.
2026-01-24T14:47:47.8940125Z Site is running with patch version PHP 8.2.29
