2026-01-24T13:55:24.0528110Z 01.55.23.984586
2026-01-24T13:56:51.6533780Z 01.56.51.647982
2026-01-24T14:22:35.8211351Z     __ __          __      __    _ __     
2026-01-24T14:22:35.9092020Z    / //_/_  _ ____/ /_  __/ /   (_) /____ 
2026-01-24T14:22:35.9092358Z   / ,< / / / / __  / / / / /   / / __/ _  
2026-01-24T14:22:35.9092455Z  / /| / /_/ / /_/ / /_/ / /___/ / /_/  __/
2026-01-24T14:22:35.9092479Z /_/ |_\__,_/\__,_/\__,_/_____/_/\__/\___/ 
2026-01-24T14:22:35.9092497Z 
2026-01-24T14:22:35.9092546Z                                           
2026-01-24T14:22:35.9092566Z DEBUG CONSOLE | AZURE APP SERVICE ON LINUX
2026-01-24T14:22:35.9092583Z 
2026-01-24T14:22:35.9092602Z Documentation: http://aka.ms/webapp-linux
2026-01-24T14:22:35.9092626Z Kudu Version : 20251023.4
2026-01-24T14:22:35.9092664Z Commit       : a44ac6b61760b3c2e5996d5e6ddb2a908ab5733e
2026-01-24T14:22:35.9092684Z Instance Name: lw0sdlwk0000PM
2026-01-24T14:22:35.9092713Z Instance Id  : 57cd1b9bb672ec20a6552173796364458f0573917736609f30f0dcf32f0463a8
2026-01-24T14:22:35.9092732Z 
2026-01-24T14:22:37.5309960Z chown: changing ownership of '/temp': Operation not permitted
2026-01-24T14:22:37.5809170Z chmod: changing permissions of '/temp': Operation not permitted
2026-01-24T14:22:41.9331155Z Restarting OpenBSD Secure Shell server: sshd.
2026-01-24T14:22:42.1247847Z node not running, starting node /opt/webssh/index.js
2026-01-24T14:23:04.9727631Z Sat Jan 24 14:23:04 UTC 2026 running .net core
2026-01-24T14:23:12.4871927Z Startup : 02.23.12.077069
2026-01-24T14:23:13.1514219Z Configure Services : 02.23.13.144151
2026-01-24T14:23:18.9119304Z Configure : 02.23.18.893162
2026-01-24T14:23:23.5437172Z Setting Up Routes : 02.23.23.543545
2026-01-24T14:23:25.7303892Z Exiting Configure : 02.23.25.730248
2026-01-24T14:23:26.2508043Z Hosting environment: Production
2026-01-24T14:23:26.2508587Z Content root path: /opt/Kudu
2026-01-24T14:23:26.2508618Z Now listening on: http://0.0.0.0:8181
2026-01-24T14:23:26.2508646Z Application started. Press Ctrl+C to shut down.
2026-01-24T14:23:32.5731355Z Exception Message : The operation was canceled.
2026-01-24T14:23:32.6536715Z Exception StackTrace :    at System.Net.Http.HttpClient.HandleFailure(Exception e, Boolean telemetryStarted, HttpResponseMessage response, CancellationTokenSource cts, CancellationToken cancellationToken, CancellationTokenSource pendingRequestsCts)
2026-01-24T14:23:32.6539678Z    at System.Net.Http.HttpClient.<SendAsync>g__Core|83_0(HttpRequestMessage request, HttpCompletionOption completionOption, CancellationTokenSource cts, Boolean disposeCts, CancellationTokenSource pendingRequestsCts, CancellationToken originalCancellationToken)
2026-01-24T14:23:32.6539776Z    at Microsoft.AspNetCore.Proxy.ProxyMiddleware.Invoke(HttpContext context)
2026-01-24T14:23:32.6539801Z    at Kudu.Services.Web.Tracing.TraceMiddleware.Invoke(HttpContext context) in /tmp/KuduLite/Kudu.Services.Web/Tracing/TraceMiddleware.cs:line 101
2026-01-24T14:31:43.6541143Z     __ __          __      __    _ __     
2026-01-24T14:31:43.6728732Z    / //_/_  _ ____/ /_  __/ /   (_) /____ 
2026-01-24T14:31:43.6728933Z   / ,< / / / / __  / / / / /   / / __/ _  
2026-01-24T14:31:43.6728958Z  / /| / /_/ / /_/ / /_/ / /___/ / /_/  __/
2026-01-24T14:31:43.6728980Z /_/ |_\__,_/\__,_/\__,_/_____/_/\__/\___/ 
2026-01-24T14:31:43.6729012Z 
2026-01-24T14:31:43.6729166Z                                           
2026-01-24T14:31:43.6729213Z DEBUG CONSOLE | AZURE APP SERVICE ON LINUX
2026-01-24T14:31:43.6729231Z 
2026-01-24T14:31:43.6729252Z Documentation: http://aka.ms/webapp-linux
2026-01-24T14:31:43.6729273Z Kudu Version : 20251023.4
2026-01-24T14:31:43.6729295Z Commit       : a44ac6b61760b3c2e5996d5e6ddb2a908ab5733e
2026-01-24T14:31:43.6729315Z Instance Name: lw0sdlwk0000PM
2026-01-24T14:31:43.6729345Z Instance Id  : 57cd1b9bb672ec20a6552173796364458f0573917736609f30f0dcf32f0463a8
2026-01-24T14:31:43.6729363Z 
2026-01-24T14:31:44.2658890Z chown: changing ownership of '/temp': Operation not permitted
2026-01-24T14:31:44.2846303Z chmod: changing permissions of '/temp': Operation not permitted
2026-01-24T14:32:36.8206842Z chown: changing ownership of '/temp': Operation not permitted
2026-01-24T14:32:36.8208246Z chmod: changing permissions of '/temp': Operation not permitted
2026-01-24T14:32:37.7791319Z     __ __          __      __    _ __     
2026-01-24T14:32:37.7791686Z    / //_/_  _ ____/ /_  __/ /   (_) /____ 
2026-01-24T14:32:37.7791715Z   / ,< / / / / __  / / / / /   / / __/ _  
2026-01-24T14:32:37.7791738Z  / /| / /_/ / /_/ / /_/ / /___/ / /_/  __/
2026-01-24T14:32:37.7791782Z /_/ |_\__,_/\__,_/\__,_/_____/_/\__/\___/ 
2026-01-24T14:32:37.7791803Z 
2026-01-24T14:32:37.7791831Z                                           
2026-01-24T14:32:37.7791854Z DEBUG CONSOLE | AZURE APP SERVICE ON LINUX
2026-01-24T14:32:37.7791876Z 
2026-01-24T14:32:37.7791916Z Documentation: http://aka.ms/webapp-linux
2026-01-24T14:32:37.7791939Z Kudu Version : 20251023.4
2026-01-24T14:32:37.7791963Z Commit       : a44ac6b61760b3c2e5996d5e6ddb2a908ab5733e
2026-01-24T14:32:37.7791986Z Instance Name: lw0sdlwk0000PM
2026-01-24T14:32:37.7792011Z Instance Id  : 57cd1b9bb672ec20a6552173796364458f0573917736609f30f0dcf32f0463a8
2026-01-24T14:32:37.7792031Z 
2026-01-24T14:32:39.5621107Z Restarting OpenBSD Secure Shell server: sshd.
2026-01-24T14:32:39.7427140Z node not running, starting node /opt/webssh/index.js
2026-01-24T14:32:49.9136539Z Sat Jan 24 14:32:49 UTC 2026 running .net core
2026-01-24T14:32:51.1951220Z Startup : 02.32.51.181650
2026-01-24T14:32:51.2263778Z Configure Services : 02.32.51.226172
2026-01-24T14:32:51.7872784Z Configure : 02.32.51.786668
2026-01-24T14:32:52.4872049Z Setting Up Routes : 02.32.52.486970
2026-01-24T14:32:53.0738946Z Exiting Configure : 02.32.53.071969
2026-01-24T14:32:53.2748941Z Hosting environment: Production
2026-01-24T14:32:53.2749983Z Content root path: /opt/Kudu
2026-01-24T14:32:53.2751937Z Now listening on: http://0.0.0.0:8181
2026-01-24T14:32:53.2752402Z Application started. Press Ctrl+C to shut down.
2026-01-24T14:33:33.5895673Z info: Kudu.Services.TunnelServer.DebugExtensionMiddleware[0]
2026-01-24T14:33:33.5896101Z       Appsvc: -1 65536
2026-01-24T14:33:33.5901937Z info: Kudu.Services.TunnelServer.DebugExtensionMiddleware[0]
2026-01-24T14:33:33.5902028Z       HandleWebSocketConnection: Found IP Address from APPSVC_TUNNEL_IP: 
2026-01-24T14:33:33.5903841Z info: Kudu.Services.TunnelServer.DebugExtensionMiddleware[0]
2026-01-24T14:33:33.5903874Z       HandleWebSocketConnection: VNET Conatiner PORT : -1
2026-01-24T14:33:33.5905227Z info: Kudu.Services.TunnelServer.DebugExtensionMiddleware[0]
2026-01-24T14:33:33.5905260Z       HandleWebSocketConnection: Found IP Address from appsvctmp file: 169.254.130.3
2026-01-24T14:33:33.5907192Z info: Kudu.Services.TunnelServer.DebugExtensionMiddleware[0]
2026-01-24T14:33:33.5907248Z       HandleWebSocketConnection: Final IP Address: 169.254.130.3
2026-01-24T14:33:33.5918669Z info: Kudu.Services.TunnelServer.DebugExtensionMiddleware[0]
2026-01-24T14:33:33.5918770Z       HandleWebSocketConnection: Found remote debug file: FALSE
2026-01-24T14:33:33.5918830Z info: Kudu.Services.TunnelServer.DebugExtensionMiddleware[0]
2026-01-24T14:33:33.5918846Z       HandleWebSocketConnection: Final Port: 2222
2026-01-24T14:33:33.6000486Z info: Kudu.Services.TunnelServer.DebugExtensionMiddleware[0]
2026-01-24T14:33:33.6000657Z       Got a status request... connecting to 169.254.130.3:2222
2026-01-24T14:33:33.6206999Z info: Kudu.Services.TunnelServer.DebugExtensionMiddleware[0]
2026-01-24T14:33:33.6207305Z       GetStatusAPIV2Request ? : True
2026-01-24T14:33:33.6597458Z info: Kudu.Services.TunnelServer.DebugExtensionMiddleware[0]
2026-01-24T14:33:33.6597796Z       
2026-01-24T14:33:33.6597816Z       
2026-01-24T14:33:33.6597830Z       Content : startedlsite
2026-01-24T14:33:33.6599358Z info: Kudu.Services.TunnelServer.DebugExtensionMiddleware[0]
2026-01-24T14:33:33.6599413Z       Site StatusSTARTED
2026-01-24T14:33:33.6599429Z info: Kudu.Services.TunnelServer.DebugExtensionMiddleware[0]
2026-01-24T14:33:33.6599443Z       GetStats success 169.254.130.3:2222
2026-01-24T14:34:34.1596645Z info: Kudu.Services.TunnelServer.DebugExtensionMiddleware[0]
2026-01-24T14:34:34.1596929Z       Appsvc: -1 65536
2026-01-24T14:34:35.1231069Z info: Kudu.Services.TunnelServer.DebugExtensionMiddleware[0]
2026-01-24T14:34:35.1231277Z       HandleWebSocketConnection: Found IP Address from APPSVC_TUNNEL_IP: 
2026-01-24T14:34:35.1231296Z info: Kudu.Services.TunnelServer.DebugExtensionMiddleware[0]
2026-01-24T14:34:35.1231311Z       HandleWebSocketConnection: VNET Conatiner PORT : -1
2026-01-24T14:34:35.1231326Z info: Kudu.Services.TunnelServer.DebugExtensionMiddleware[0]
2026-01-24T14:34:35.1231340Z       HandleWebSocketConnection: Found IP Address from appsvctmp file: 169.254.130.3
2026-01-24T14:34:35.1231354Z info: Kudu.Services.TunnelServer.DebugExtensionMiddleware[0]
2026-01-24T14:34:35.1231369Z       HandleWebSocketConnection: Final IP Address: 169.254.130.3
2026-01-24T14:34:35.1231383Z info: Kudu.Services.TunnelServer.DebugExtensionMiddleware[0]
2026-01-24T14:34:35.1231417Z       HandleWebSocketConnection: Found remote debug file: FALSE
2026-01-24T14:34:35.1231432Z info: Kudu.Services.TunnelServer.DebugExtensionMiddleware[0]
2026-01-24T14:34:35.1231446Z       HandleWebSocketConnection: Final Port: 2222
2026-01-24T14:34:35.1231460Z info: Kudu.Services.TunnelServer.DebugExtensionMiddleware[0]
2026-01-24T14:34:35.1231474Z       Got a status request... connecting to 169.254.130.3:2222
2026-01-24T14:34:35.1231488Z info: Kudu.Services.TunnelServer.DebugExtensionMiddleware[0]
2026-01-24T14:34:35.1231501Z       GetStatusAPIV2Request ? : True
2026-01-24T14:34:35.1231516Z info: Kudu.Services.TunnelServer.DebugExtensionMiddleware[0]
2026-01-24T14:34:35.1231548Z       
2026-01-24T14:34:35.1231561Z       
2026-01-24T14:34:35.1231574Z       Content : startedlsite
2026-01-24T14:34:35.1231588Z info: Kudu.Services.TunnelServer.DebugExtensionMiddleware[0]
2026-01-24T14:34:35.1231601Z       Site StatusSTARTED
2026-01-24T14:34:35.1231616Z info: Kudu.Services.TunnelServer.DebugExtensionMiddleware[0]
2026-01-24T14:34:35.1231647Z       GetStats success 169.254.130.3:2222
2026-01-24T14:41:24.2352279Z     __ __          __      __    _ __     
2026-01-24T14:41:24.3156074Z    / //_/_  _ ____/ /_  __/ /   (_) /____ 
2026-01-24T14:41:24.3158960Z   / ,< / / / / __  / / / / /   / / __/ _  
2026-01-24T14:41:24.3333106Z  / /| / /_/ / /_/ / /_/ / /___/ / /_/  __/
2026-01-24T14:41:24.3333303Z /_/ |_\__,_/\__,_/\__,_/_____/_/\__/\___/ 
2026-01-24T14:41:24.3333325Z 
2026-01-24T14:41:24.3333353Z                                           
2026-01-24T14:41:24.3333401Z DEBUG CONSOLE | AZURE APP SERVICE ON LINUX
2026-01-24T14:41:24.3333419Z 
2026-01-24T14:41:24.3333439Z Documentation: http://aka.ms/webapp-linux
2026-01-24T14:41:24.3333458Z Kudu Version : 20251023.4
2026-01-24T14:41:24.3333484Z Commit       : a44ac6b61760b3c2e5996d5e6ddb2a908ab5733e
2026-01-24T14:41:24.3333521Z Instance Name: lw0sdlwk0000PM
2026-01-24T14:41:24.3333552Z Instance Id  : 57cd1b9bb672ec20a6552173796364458f0573917736609f30f0dcf32f0463a8
2026-01-24T14:41:24.3333571Z 
2026-01-24T14:41:25.8529753Z chown: changing ownership of '/temp': Operation not permitted
2026-01-24T14:41:25.8530094Z chmod: changing permissions of '/temp': Operation not permitted
2026-01-24T14:42:17.6214371Z     __ __          __      __    _ __     
2026-01-24T14:42:17.6215575Z    / //_/_  _ ____/ /_  __/ /   (_) /____ 
2026-01-24T14:42:17.6215637Z   / ,< / / / / __  / / / / /   / / __/ _  
2026-01-24T14:42:17.6215658Z  / /| / /_/ / /_/ / /_/ / /___/ / /_/  __/
2026-01-24T14:42:17.6215677Z /_/ |_\__,_/\__,_/\__,_/_____/_/\__/\___/ 
2026-01-24T14:42:17.6215699Z 
2026-01-24T14:42:17.6215723Z                                           
2026-01-24T14:42:17.6215742Z DEBUG CONSOLE | AZURE APP SERVICE ON LINUX
2026-01-24T14:42:17.6215760Z 
2026-01-24T14:42:17.6215781Z Documentation: http://aka.ms/webapp-linux
2026-01-24T14:42:17.6215816Z Kudu Version : 20251023.4
2026-01-24T14:42:17.6215838Z Commit       : a44ac6b61760b3c2e5996d5e6ddb2a908ab5733e
2026-01-24T14:42:17.6215857Z Instance Name: lw0sdlwk0000PM
2026-01-24T14:42:17.6215880Z Instance Id  : 57cd1b9bb672ec20a6552173796364458f0573917736609f30f0dcf32f0463a8
2026-01-24T14:42:17.6215898Z 
2026-01-24T14:42:20.1933360Z chown: changing ownership of '/temp': Operation not permitted
2026-01-24T14:42:20.1933641Z chmod: changing permissions of '/temp': Operation not permitted
2026-01-24T14:42:22.2689279Z Restarting OpenBSD Secure Shell server: sshd.
2026-01-24T14:42:22.5079755Z node not running, starting node /opt/webssh/index.js
2026-01-24T14:42:36.3255769Z Sat Jan 24 14:42:36 UTC 2026 running .net core
2026-01-24T14:42:37.5803807Z Startup : 02.42.37.509936
2026-01-24T14:42:37.6508158Z Configure Services : 02.42.37.650203
2026-01-24T14:42:38.2808150Z Configure : 02.42.38.280672
2026-01-24T14:42:38.8886935Z Setting Up Routes : 02.42.38.719293
2026-01-24T14:42:39.1822733Z Exiting Configure : 02.42.39.182126
2026-01-24T14:42:39.3927073Z Hosting environment: Production
2026-01-24T14:42:39.3928608Z Content root path: /opt/Kudu
2026-01-24T14:42:39.3936336Z Now listening on: http://0.0.0.0:8181
2026-01-24T14:42:39.3936997Z Application started. Press Ctrl+C to shut down.
2026-01-24T14:47:54.0802298Z     __ __          __      __    _ __     
2026-01-24T14:47:54.0892484Z    / //_/_  _ ____/ /_  __/ /   (_) /____ 
2026-01-24T14:47:54.0892731Z   / ,< / / / / __  / / / / /   / / __/ _  
2026-01-24T14:47:54.0892760Z  / /| / /_/ / /_/ / /_/ / /___/ / /_/  __/
2026-01-24T14:47:54.0892779Z /_/ |_\__,_/\__,_/\__,_/_____/_/\__/\___/ 
2026-01-24T14:47:54.0892797Z 
2026-01-24T14:47:54.0892847Z                                           
2026-01-24T14:47:54.0892910Z DEBUG CONSOLE | AZURE APP SERVICE ON LINUX
2026-01-24T14:47:54.0892926Z 
2026-01-24T14:47:54.0892945Z Documentation: http://aka.ms/webapp-linux
2026-01-24T14:47:54.0892969Z Kudu Version : 20251023.4
2026-01-24T14:47:54.0892990Z Commit       : a44ac6b61760b3c2e5996d5e6ddb2a908ab5733e
2026-01-24T14:47:54.0893010Z Instance Name: lw0sdlwk0000PM
2026-01-24T14:47:54.0893040Z Instance Id  : 57cd1b9bb672ec20a6552173796364458f0573917736609f30f0dcf32f0463a8
2026-01-24T14:47:54.0893058Z 
2026-01-24T14:47:54.4337585Z chown: changing ownership of '/temp': Operation not permitted
2026-01-24T14:47:54.4514453Z chmod: changing permissions of '/temp': Operation not permitted
2026-01-24T14:47:56.6547331Z Restarting OpenBSD Secure Shell server: sshd.
2026-01-24T14:47:56.7445375Z node not running, starting node /opt/webssh/index.js
2026-01-24T14:48:09.7870252Z Sat Jan 24 14:48:09 UTC 2026 running .net core
2026-01-24T14:48:11.7478485Z Startup : 02.48.11.577071
2026-01-24T14:48:11.8863516Z Configure Services : 02.48.11.885923
2026-01-24T14:48:12.3568449Z Configure : 02.48.12.356666
2026-01-24T14:48:12.7847176Z Setting Up Routes : 02.48.12.784547
2026-01-24T14:48:13.3726383Z Exiting Configure : 02.48.13.371762
2026-01-24T14:48:13.5541067Z Hosting environment: Production
2026-01-24T14:48:13.5616270Z Content root path: /opt/Kudu
2026-01-24T14:48:13.5616369Z Now listening on: http://0.0.0.0:8181
2026-01-24T14:48:13.5616394Z Application started. Press Ctrl+C to shut down.
