2026-01-14T01:45:55.3536706Z,Updating submodules.,804533ca-a10e-4bd4-b55c-84c5c4193de7,0
2026-01-14T01:45:56.5006097Z,Preparing deployment for commit id 'e03b6b54-a'.,ba356c7d-2830-4e5e-91cf-121952d11b1f,0
2026-01-14T01:45:56.8995613Z,PreDeployment: context.CleanOutputPath False,d1125c95-92da-41fd-9243-5143e47fd2cf,0
2026-01-14T01:45:57.0842116Z,PreDeployment: context.OutputPath /home/site/wwwroot,1b601c0a-be93-4b22-901f-708f9164a2a1,0
2026-01-14T01:45:57.2563116Z,Running build. Project type: OneDeploy,1c3ad4c1-b663-4e96-95af-b8f8766ceba8,0
2026-01-14T01:45:57.3942327Z,Copying the manifest,5188b040-1a00-4fd6-a8be-ca66868e1b59,0
2026-01-14T01:45:57.5658344Z,Running deployment command...,11442d13-a81e-46fa-aaa9-33cb3e1d0ad5,0
	2026-01-14T01:45:57.5810991Z,Command: /opt/Kudu/Scripts/parallel_rsync.sh /tmp/zipdeploy/extracted /home/site/wwwroot 8 /tmp/ False False  ,,0
	2026-01-14T01:45:58.6239068Z,Run rsync from: /tmp/zipdeploy/extracted/ to: /home/site/wwwroot/ in 8 parallel threads,,0
	2026-01-14T01:45:58.7066938Z,Delete options: clean=False&comma; use manifest=False&comma; directory to ignore=,,0
	2026-01-14T01:45:58.7553437Z,Prev manifest = /home/site/deployments/9b54d6d6-0881-4436-90a4-3a6ad3d12c6c/manifest and next /home/site/deployments/e03b6b54-a0f8-402d-be54-6e1a9eab04b6/manifest,,0
	2026-01-14T01:45:58.9451445Z,Cleaning up /tmp//filelist.txt and /tmp//splits,,0
	2026-01-14T01:45:58.9863268Z,Creating a list of all files at /tmp//filelist.txt,,0
	2026-01-14T01:45:59.0587691Z,No directory to exclude.,,0
	2026-01-14T01:45:59.1380873Z,Created /tmp//filelist.txt. Total number of files to be synced = 6021.,,0
	2026-01-14T01:45:59.2113727Z,Created batches from the list of files. Processing 753 files in each thread,,0
	2026-01-14T01:45:59.2918631Z,Running rsync for filelist /tmp//splits/split.ab from /tmp/zipdeploy/extracted/ to /home/site/wwwroot/,,0
	2026-01-14T01:45:59.4288470Z,Running rsync for filelist /tmp//splits/split.ad from /tmp/zipdeploy/extracted/ to /home/site/wwwroot/,,0
	2026-01-14T01:45:59.5602929Z,Running rsync for filelist /tmp//splits/split.ac from /tmp/zipdeploy/extracted/ to /home/site/wwwroot/,,0
	2026-01-14T01:45:59.6512407Z,Running rsync for filelist /tmp//splits/split.af from /tmp/zipdeploy/extracted/ to /home/site/wwwroot/,,0
	2026-01-14T01:45:59.7101855Z,Running rsync for filelist /tmp//splits/split.aa from /tmp/zipdeploy/extracted/ to /home/site/wwwroot/,,0
	2026-01-14T01:45:59.7812749Z,Running rsync for filelist /tmp//splits/split.ae from /tmp/zipdeploy/extracted/ to /home/site/wwwroot/,,0
	2026-01-14T01:45:59.8500267Z,Running rsync for filelist /tmp//splits/split.ag from /tmp/zipdeploy/extracted/ to /home/site/wwwroot/,,0
	2026-01-14T01:45:59.9188811Z,Running rsync for filelist /tmp//splits/split.ah from /tmp/zipdeploy/extracted/ to /home/site/wwwroot/,,0
	2026-01-14T01:46:06.3130766Z,,,0
	2026-01-14T01:46:06.5129267Z,Number of files: 804 (reg: 753&comma; dir: 51),,0
	2026-01-14T01:46:06.7851092Z,Number of created files: 0,,0
	2026-01-14T01:46:06.8968810Z,Number of deleted files: 0,,0
	2026-01-14T01:46:07.0241127Z,Number of regular files transferred: 0,,0
	2026-01-14T01:46:07.1563996Z,Total file size: 1.99M bytes,,0
	2026-01-14T01:46:07.2951344Z,Total transferred file size: 0 bytes,,0
	2026-01-14T01:46:07.3845420Z,Literal data: 0 bytes,,0
	2026-01-14T01:46:07.4943400Z,Matched data: 0 bytes,,0
	2026-01-14T01:46:07.5455443Z,File list size: 0,,0
	2026-01-14T01:46:07.5855525Z,File list generation time: 2.009 seconds,,0
	2026-01-14T01:46:07.6647635Z,File list transfer time: 0.000 seconds,,0
	2026-01-14T01:46:07.7167389Z,Total bytes sent: 17.77K,,0
	2026-01-14T01:46:07.7536402Z,Total bytes received: 2.43K,,0
	2026-01-14T01:46:07.7837207Z,,,0
	2026-01-14T01:46:07.8329685Z,sent 17.77K bytes  received 2.43K bytes  2.69K bytes/sec,,0
	2026-01-14T01:46:07.8631827Z,total size is 1.99M  speedup is 98.64,,0
	2026-01-14T01:46:07.9304761Z,Attempt 1: Rsync for filelist /tmp//splits/split.af completed with exit code 0,,0
	2026-01-14T01:46:07.9789765Z,,,0
	2026-01-14T01:46:08.0098126Z,Number of files: 861 (reg: 753&comma; dir: 108),,0
	2026-01-14T01:46:08.0411553Z,Number of created files: 0,,0
	2026-01-14T01:46:08.0611498Z,Number of deleted files: 0,,0
	2026-01-14T01:46:08.1020110Z,Number of regular files transferred: 10,,0
	2026-01-14T01:46:08.1304549Z,Total file size: 4.66M bytes,,0
	2026-01-14T01:46:08.1601682Z,Total transferred file size: 1.41M bytes,,0
	2026-01-14T01:46:08.2005172Z,Literal data: 1.41M bytes,,0
	2026-01-14T01:46:08.2214922Z,Matched data: 0 bytes,,0
	2026-01-14T01:46:08.2686830Z,File list size: 0,,0
	2026-01-14T01:46:08.3304317Z,File list generation time: 2.090 seconds,,0
	2026-01-14T01:46:08.3498634Z,File list transfer time: 0.000 seconds,,0
	2026-01-14T01:46:08.3794310Z,Total bytes sent: 158.14K,,0
	2026-01-14T01:46:08.4200989Z,Total bytes received: 2.71K,,0
	2026-01-14T01:46:08.4451312Z,,,0
	2026-01-14T01:46:08.4621344Z,sent 158.14K bytes  received 2.71K bytes  16.93K bytes/sec,,0
	2026-01-14T01:46:08.5017243Z,total size is 4.66M  speedup is 28.99,,0
	2026-01-14T01:46:08.5220985Z,Attempt 1: Rsync for filelist /tmp//splits/split.ae completed with exit code 0,,0
	2026-01-14T01:46:08.5636513Z,,,0
	2026-01-14T01:46:08.5859828Z,Number of files: 865 (reg: 753&comma; dir: 112),,0
	2026-01-14T01:46:08.6120689Z,Number of created files: 0,,0
	2026-01-14T01:46:08.6302059Z,Number of deleted files: 0,,0
	2026-01-14T01:46:08.6590146Z,Number of regular files transferred: 0,,0
	2026-01-14T01:46:08.6956429Z,Total file size: 2.99M bytes,,0
	2026-01-14T01:46:08.7158994Z,Total transferred file size: 0 bytes,,0
	2026-01-14T01:46:08.7547354Z,Literal data: 0 bytes,,0
	2026-01-14T01:46:08.7862981Z,Matched data: 0 bytes,,0
	2026-01-14T01:46:08.8628960Z,File list size: 0,,0
	2026-01-14T01:46:08.8752781Z,File list generation time: 1.760 seconds,,0
	2026-01-14T01:46:08.9055890Z,File list transfer time: 0.000 seconds,,0
	2026-01-14T01:46:08.9183266Z,Total bytes sent: 20.57K,,0
	2026-01-14T01:46:08.9492740Z,Total bytes received: 2.56K,,0
	2026-01-14T01:46:08.9913918Z,,,0
	2026-01-14T01:46:09.0076127Z,sent 20.57K bytes  received 2.56K bytes  2.44K bytes/sec,,0
	2026-01-14T01:46:09.0185018Z,total size is 2.99M  speedup is 129.02,,0
	2026-01-14T01:46:09.0349122Z,Attempt 1: Rsync for filelist /tmp//splits/split.ab completed with exit code 0,,0
	2026-01-14T01:46:09.0667712Z,,,0
	2026-01-14T01:46:09.1057046Z,Number of files: 917 (reg: 753&comma; dir: 164),,0
	2026-01-14T01:46:09.1346306Z,Number of created files: 0,,0
	2026-01-14T01:46:09.1476979Z,Number of deleted files: 0,,0
	2026-01-14T01:46:09.1814820Z,Number of regular files transferred: 0,,0
	2026-01-14T01:46:09.1964177Z,Total file size: 3.35M bytes,,0
	2026-01-14T01:46:09.2074716Z,Total transferred file size: 0 bytes,,0
	2026-01-14T01:46:09.2431485Z,Literal data: 0 bytes,,0
	2026-01-14T01:46:09.2785999Z,Matched data: 0 bytes,,0
	2026-01-14T01:46:09.3287591Z,File list size: 0,,0
	2026-01-14T01:46:09.3748551Z,File list generation time: 1.920 seconds,,0
	2026-01-14T01:46:09.4009081Z,File list transfer time: 0.000 seconds,,0
	2026-01-14T01:46:09.4188978Z,Total bytes sent: 27.33K,,0
	2026-01-14T01:46:09.4527874Z,Total bytes received: 2.73K,,0
	2026-01-14T01:46:09.4642525Z,,,0
	2026-01-14T01:46:09.4935164Z,sent 27.33K bytes  received 2.73K bytes  3.16K bytes/sec,,0
	2026-01-14T01:46:09.5243571Z,total size is 3.35M  speedup is 111.38,,0
	2026-01-14T01:46:09.5476063Z,Attempt 1: Rsync for filelist /tmp//splits/split.ac completed with exit code 0,,0
	2026-01-14T01:46:09.5640558Z,,,0
	2026-01-14T01:46:09.6085737Z,Number of files: 914 (reg: 753&comma; dir: 161),,0
	2026-01-14T01:46:09.6343415Z,Number of created files: 0,,0
	2026-01-14T01:46:09.6798276Z,Number of deleted files: 0,,0
	2026-01-14T01:46:09.7085853Z,Number of regular files transferred: 1,,0
	2026-01-14T01:46:09.7294455Z,Total file size: 2.49M bytes,,0
	2026-01-14T01:46:09.7412152Z,Total transferred file size: 748 bytes,,0
	2026-01-14T01:46:09.7769139Z,Literal data: 748 bytes,,0
	2026-01-14T01:46:09.8198433Z,Matched data: 0 bytes,,0
	2026-01-14T01:46:09.8599039Z,File list size: 0,,0
	2026-01-14T01:46:09.8892291Z,File list generation time: 2.311 seconds,,0
	2026-01-14T01:46:09.9310223Z,File list transfer time: 0.000 seconds,,0
	2026-01-14T01:46:09.9409436Z,Total bytes sent: 27.08K,,0
	2026-01-14T01:46:09.9522951Z,Total bytes received: 2.74K,,0
	2026-01-14T01:46:09.9654213Z,,,0
	2026-01-14T01:46:10.0011466Z,sent 27.08K bytes  received 2.74K bytes  3.14K bytes/sec,,0
	2026-01-14T01:46:10.0312216Z,total size is 2.49M  speedup is 83.65,,0
	2026-01-14T01:46:10.0429704Z,Attempt 1: Rsync for filelist /tmp//splits/split.ad completed with exit code 0,,0
	2026-01-14T01:46:10.0669904Z,,,0
	2026-01-14T01:46:10.0951322Z,Number of files: 897 (reg: 753&comma; dir: 144),,0
	2026-01-14T01:46:10.1054865Z,Number of created files: 0,,0
	2026-01-14T01:46:10.1362914Z,Number of deleted files: 0,,0
	2026-01-14T01:46:10.1681265Z,Number of regular files transferred: 0,,0
	2026-01-14T01:46:10.1891972Z,Total file size: 3.36M bytes,,0
	2026-01-14T01:46:10.2181442Z,Total transferred file size: 0 bytes,,0
	2026-01-14T01:46:10.2470702Z,Literal data: 0 bytes,,0
	2026-01-14T01:46:10.2722781Z,Matched data: 0 bytes,,0
	2026-01-14T01:46:10.3311795Z,File list size: 0,,0
	2026-01-14T01:46:10.3771548Z,File list generation time: 2.492 seconds,,0
	2026-01-14T01:46:10.4053012Z,File list transfer time: 0.000 seconds,,0
	2026-01-14T01:46:10.4432351Z,Total bytes sent: 25.18K,,0
	2026-01-14T01:46:10.4817203Z,Total bytes received: 2.66K,,0
	2026-01-14T01:46:10.4944833Z,,,0
	2026-01-14T01:46:10.5026741Z,sent 25.18K bytes  received 2.66K bytes  2.65K bytes/sec,,0
	2026-01-14T01:46:10.5254630Z,total size is 3.36M  speedup is 120.65,,0
	2026-01-14T01:46:10.5746927Z,Attempt 1: Rsync for filelist /tmp//splits/split.ag completed with exit code 0,,0
	2026-01-14T01:46:10.6147056Z,,,0
	2026-01-14T01:46:10.6285038Z,Number of files: 918 (reg: 750&comma; dir: 168),,0
	2026-01-14T01:46:10.6753177Z,Number of created files: 0,,0
	2026-01-14T01:46:10.7095559Z,Number of deleted files: 0,,0
	2026-01-14T01:46:10.7468784Z,Number of regular files transferred: 1,,0
	2026-01-14T01:46:10.7599686Z,Total file size: 2.26M bytes,,0
	2026-01-14T01:46:10.7763583Z,Total transferred file size: 9.99K bytes,,0
	2026-01-14T01:46:10.8076574Z,Literal data: 9.99K bytes,,0
	2026-01-14T01:46:10.8196787Z,Matched data: 0 bytes,,0
	2026-01-14T01:46:10.8318173Z,File list size: 0,,0
	2026-01-14T01:46:10.8480937Z,File list generation time: 2.602 seconds,,0
	2026-01-14T01:46:10.8594911Z,File list transfer time: 0.000 seconds,,0
	2026-01-14T01:46:10.8703365Z,Total bytes sent: 30.09K,,0
	2026-01-14T01:46:10.8805000Z,Total bytes received: 2.72K,,0
	2026-01-14T01:46:10.8987225Z,,,0
	2026-01-14T01:46:10.9296945Z,sent 30.09K bytes  received 2.72K bytes  3.12K bytes/sec,,0
	2026-01-14T01:46:10.9394341Z,total size is 2.26M  speedup is 68.74,,0
	2026-01-14T01:46:10.9506240Z,Attempt 1: Rsync for filelist /tmp//splits/split.ah completed with exit code 0,,0
	2026-01-14T01:46:26.2019989Z,,,0
	2026-01-14T01:46:26.2166152Z,Number of files: 923 (reg: 753&comma; dir: 170),,0
	2026-01-14T01:46:26.2308196Z,Number of created files: 0,,0
	2026-01-14T01:46:26.2422584Z,Number of deleted files: 0,,0
	2026-01-14T01:46:26.2535068Z,Number of regular files transferred: 313,,0
	2026-01-14T01:46:26.2690847Z,Total file size: 3.96M bytes,,0
	2026-01-14T01:46:26.2816771Z,Total transferred file size: 2.81M bytes,,0
	2026-01-14T01:46:26.2909213Z,Literal data: 2.81M bytes,,0
	2026-01-14T01:46:26.3222144Z,Matched data: 0 bytes,,0
	2026-01-14T01:46:26.3372012Z,File list size: 0,,0
	2026-01-14T01:46:26.3511354Z,File list generation time: 2.271 seconds,,0
	2026-01-14T01:46:26.3615715Z,File list transfer time: 0.000 seconds,,0
	2026-01-14T01:46:26.3779433Z,Total bytes sent: 537.32K,,0
	2026-01-14T01:46:26.3895683Z,Total bytes received: 7.75K,,0
	2026-01-14T01:46:26.4095726Z,,,0
	2026-01-14T01:46:26.4172474Z,sent 537.32K bytes  received 7.75K bytes  19.12K bytes/sec,,0
	2026-01-14T01:46:26.4288293Z,total size is 3.96M  speedup is 7.27,,0
	2026-01-14T01:46:26.4398412Z,Attempt 1: Rsync for filelist /tmp//splits/split.aa completed with exit code 0,,0
	2026-01-14T01:46:26.4523603Z,Completed successfully in 29 seconds,,0
2026-01-14T01:46:26.6050884Z,Build completed succesfully.,d71b7cb1-f9a3-484c-a083-8529b12ac926,0
2026-01-14T01:46:26.7392069Z,Running post deployment command(s)...,52ec6f36-5cb0-445c-bd79-3edd3c695517,0
2026-01-14T01:46:26.8879501Z,Triggering container recycle for OneDeploy by adding/updating restartTrigger.txt to the site root path,9511faa7-213d-43dd-97aa-65b89a3d4dc7,0
2026-01-14T01:46:27.1745532Z,Deployment successful. deployer = OneDeploy deploymentPath = OneDeploy,8c3b3806-bdfc-4795-ae83-1526a7ada91a,0
