2026-01-14T02:45:41.8606287Z,Updating submodules.,e5224816-c132-4d7f-addb-f24f292b78e6,0
2026-01-14T02:45:43.0404292Z,Preparing deployment for commit id 'c63d0836-b'.,5df4bbdd-7cae-4670-841c-36ea4e09fba4,0
2026-01-14T02:45:43.4676736Z,PreDeployment: context.CleanOutputPath False,60214eef-416e-40c0-97f9-a413cee2912c,0
2026-01-14T02:45:43.6782986Z,PreDeployment: context.OutputPath /home/site/wwwroot,e4631acc-a4d7-4f1e-a1dc-e6eb177d5f0d,0
2026-01-14T02:45:43.8483851Z,Running build. Project type: OneDeploy,f9c4a067-6cc1-48e5-a9ee-05d268d2a3b8,0
2026-01-14T02:45:43.9944086Z,Copying the manifest,82cb9e9b-a43d-4d5b-aaa3-9719005ca5fc,0
2026-01-14T02:45:44.3513963Z,Running deployment command...,fb70632e-7356-491a-bfc3-714ca3a9d4f7,0
	2026-01-14T02:45:44.3613386Z,Command: /opt/Kudu/Scripts/parallel_rsync.sh /tmp/zipdeploy/extracted /home/site/wwwroot 8 /tmp/ False False  ,,0
	2026-01-14T02:45:44.6089616Z,Run rsync from: /tmp/zipdeploy/extracted/ to: /home/site/wwwroot/ in 8 parallel threads,,0
	2026-01-14T02:45:44.6784270Z,Delete options: clean=False&comma; use manifest=False&comma; directory to ignore=,,0
	2026-01-14T02:45:44.7601384Z,Prev manifest = /home/site/deployments/d0579b13-ffcc-4d43-a929-621093261d02/manifest and next /home/site/deployments/c63d0836-b416-42e4-a91e-78928caddc6d/manifest,,0
	2026-01-14T02:45:44.8402640Z,Cleaning up /tmp//filelist.txt and /tmp//splits,,0
	2026-01-14T02:45:44.8979852Z,Creating a list of all files at /tmp//filelist.txt,,0
	2026-01-14T02:45:44.9704563Z,No directory to exclude.,,0
	2026-01-14T02:45:45.0585134Z,Created /tmp//filelist.txt. Total number of files to be synced = 6046.,,0
	2026-01-14T02:45:45.2015017Z,Created batches from the list of files. Processing 756 files in each thread,,0
	2026-01-14T02:45:45.4820366Z,Running rsync for filelist /tmp//splits/split.ac from /tmp/zipdeploy/extracted/ to /home/site/wwwroot/,,0
	2026-01-14T02:45:45.8014070Z,Running rsync for filelist /tmp//splits/split.aa from /tmp/zipdeploy/extracted/ to /home/site/wwwroot/,,0
	2026-01-14T02:45:46.1346833Z,Running rsync for filelist /tmp//splits/split.ab from /tmp/zipdeploy/extracted/ to /home/site/wwwroot/,,0
	2026-01-14T02:45:46.2632196Z,Running rsync for filelist /tmp//splits/split.ad from /tmp/zipdeploy/extracted/ to /home/site/wwwroot/,,0
	2026-01-14T02:45:46.3945170Z,Running rsync for filelist /tmp//splits/split.af from /tmp/zipdeploy/extracted/ to /home/site/wwwroot/,,0
	2026-01-14T02:45:46.5026531Z,Running rsync for filelist /tmp//splits/split.ae from /tmp/zipdeploy/extracted/ to /home/site/wwwroot/,,0
	2026-01-14T02:45:46.5926070Z,Running rsync for filelist /tmp//splits/split.ah from /tmp/zipdeploy/extracted/ to /home/site/wwwroot/,,0
	2026-01-14T02:45:46.6920922Z,Running rsync for filelist /tmp//splits/split.ag from /tmp/zipdeploy/extracted/ to /home/site/wwwroot/,,0
	2026-01-14T02:45:54.0080745Z,,,0
	2026-01-14T02:45:54.0680270Z,Number of files: 806 (reg: 756&comma; dir: 50),,0
	2026-01-14T02:45:54.1282730Z,Number of created files: 0,,0
	2026-01-14T02:45:54.2085423Z,Number of deleted files: 0,,0
	2026-01-14T02:45:54.2960264Z,Number of regular files transferred: 0,,0
	2026-01-14T02:45:54.3203818Z,Total file size: 1.88M bytes,,0
	2026-01-14T02:45:54.3618856Z,Total transferred file size: 0 bytes,,0
	2026-01-14T02:45:54.4179795Z,Literal data: 0 bytes,,0
	2026-01-14T02:45:54.4500623Z,Matched data: 0 bytes,,0
	2026-01-14T02:45:54.4828003Z,File list size: 0,,0
	2026-01-14T02:45:54.5102967Z,File list generation time: 3.462 seconds,,0
	2026-01-14T02:45:54.5299500Z,File list transfer time: 0.000 seconds,,0
	2026-01-14T02:45:54.5854818Z,Total bytes sent: 17.72K,,0
	2026-01-14T02:45:54.6126079Z,Total bytes received: 2.44K,,0
	2026-01-14T02:45:54.6494913Z,,,0
	2026-01-14T02:45:54.6964030Z,sent 17.72K bytes  received 2.44K bytes  2.69K bytes/sec,,0
	2026-01-14T02:45:54.7207475Z,total size is 1.88M  speedup is 93.34,,0
	2026-01-14T02:45:54.7427067Z,Attempt 1: Rsync for filelist /tmp//splits/split.af completed with exit code 0,,0
	2026-01-14T02:45:54.8596450Z,,,0
	2026-01-14T02:45:54.9446125Z,Number of files: 866 (reg: 756&comma; dir: 110),,0
	2026-01-14T02:45:54.9828447Z,Number of created files: 0,,0
	2026-01-14T02:45:55.0447052Z,Number of deleted files: 0,,0
	2026-01-14T02:45:55.1037061Z,Number of regular files transferred: 10,,0
	2026-01-14T02:45:55.1328361Z,Total file size: 4.66M bytes,,0
	2026-01-14T02:45:55.1725583Z,Total transferred file size: 1.41M bytes,,0
	2026-01-14T02:45:55.2116533Z,Literal data: 1.41M bytes,,0
	2026-01-14T02:45:55.2414650Z,Matched data: 0 bytes,,0
	2026-01-14T02:45:55.2721973Z,File list size: 0,,0
	2026-01-14T02:45:55.2903121Z,File list generation time: 2.569 seconds,,0
	2026-01-14T02:45:55.3298808Z,File list transfer time: 0.000 seconds,,0
	2026-01-14T02:45:55.3843716Z,Total bytes sent: 158.34K,,0
	2026-01-14T02:45:55.4129625Z,Total bytes received: 2.72K,,0
	2026-01-14T02:45:55.4694802Z,,,0
	2026-01-14T02:45:55.5429451Z,sent 158.34K bytes  received 2.72K bytes  18.95K bytes/sec,,0
	2026-01-14T02:45:55.5703144Z,total size is 4.66M  speedup is 28.95,,0
	2026-01-14T02:45:55.5917061Z,Attempt 1: Rsync for filelist /tmp//splits/split.ae completed with exit code 0,,0
	2026-01-14T02:45:55.6204706Z,,,0
	2026-01-14T02:45:55.6602254Z,Number of files: 866 (reg: 756&comma; dir: 110),,0
	2026-01-14T02:45:55.7213537Z,Number of created files: 0,,0
	2026-01-14T02:45:55.8045581Z,Number of deleted files: 0,,0
	2026-01-14T02:45:55.8414537Z,Number of regular files transferred: 0,,0
	2026-01-14T02:45:55.8745169Z,Total file size: 2.97M bytes,,0
	2026-01-14T02:45:55.9136295Z,Total transferred file size: 0 bytes,,0
	2026-01-14T02:45:56.0125382Z,Literal data: 0 bytes,,0
	2026-01-14T02:45:56.0340610Z,Matched data: 0 bytes,,0
	2026-01-14T02:45:56.0652834Z,File list size: 0,,0
	2026-01-14T02:45:56.1137306Z,File list generation time: 3.472 seconds,,0
	2026-01-14T02:45:56.1406482Z,File list transfer time: 0.000 seconds,,0
	2026-01-14T02:45:56.1629364Z,Total bytes sent: 20.57K,,0
	2026-01-14T02:45:56.1727064Z,Total bytes received: 2.56K,,0
	2026-01-14T02:45:56.1812332Z,,,0
	2026-01-14T02:45:56.1919665Z,sent 20.57K bytes  received 2.56K bytes  2.72K bytes/sec,,0
	2026-01-14T02:45:56.2398574Z,total size is 2.97M  speedup is 128.33,,0
	2026-01-14T02:45:56.3101780Z,Attempt 1: Rsync for filelist /tmp//splits/split.ab completed with exit code 0,,0
	2026-01-14T02:45:56.3634423Z,,,0
	2026-01-14T02:45:56.3816007Z,Number of files: 899 (reg: 756&comma; dir: 143),,0
	2026-01-14T02:45:56.4217916Z,Number of created files: 0,,0
	2026-01-14T02:45:56.4512666Z,Number of deleted files: 0,,0
	2026-01-14T02:45:56.4883427Z,Number of regular files transferred: 0,,0
	2026-01-14T02:45:56.5040890Z,Total file size: 3.48M bytes,,0
	2026-01-14T02:45:56.5227668Z,Total transferred file size: 0 bytes,,0
	2026-01-14T02:45:56.5561418Z,Literal data: 0 bytes,,0
	2026-01-14T02:45:56.5744276Z,Matched data: 0 bytes,,0
	2026-01-14T02:45:56.6530602Z,File list size: 0,,0
	2026-01-14T02:45:56.6722011Z,File list generation time: 3.442 seconds,,0
	2026-01-14T02:45:56.6914956Z,File list transfer time: 0.000 seconds,,0
	2026-01-14T02:45:56.7332683Z,Total bytes sent: 25.21K,,0
	2026-01-14T02:45:56.8106812Z,Total bytes received: 2.66K,,0
	2026-01-14T02:45:56.8910111Z,,,0
	2026-01-14T02:45:56.9625330Z,sent 25.21K bytes  received 2.66K bytes  3.72K bytes/sec,,0
	2026-01-14T02:45:57.0205974Z,total size is 3.48M  speedup is 124.91,,0
	2026-01-14T02:45:57.0834186Z,Attempt 1: Rsync for filelist /tmp//splits/split.ag completed with exit code 0,,0
	2026-01-14T02:45:57.2713373Z,,,0
	2026-01-14T02:45:57.3219800Z,Number of files: 917 (reg: 756&comma; dir: 161),,0
	2026-01-14T02:45:57.4053010Z,Number of created files: 0,,0
	2026-01-14T02:45:57.4850848Z,Number of deleted files: 0,,0
	2026-01-14T02:45:57.5438581Z,Number of regular files transferred: 1,,0
	2026-01-14T02:45:57.6110485Z,Total file size: 2.52M bytes,,0
	2026-01-14T02:45:57.8112259Z,Total transferred file size: 748 bytes,,0
	2026-01-14T02:45:57.8935608Z,Literal data: 748 bytes,,0
	2026-01-14T02:45:57.9729343Z,Matched data: 0 bytes,,0
	2026-01-14T02:45:58.0521043Z,File list size: 0,,0
	2026-01-14T02:45:58.1024256Z,File list generation time: 3.030 seconds,,0
	2026-01-14T02:45:58.1921870Z,File list transfer time: 0.000 seconds,,0
	2026-01-14T02:45:58.2464108Z,Total bytes sent: 27.36K,,0
	2026-01-14T02:45:58.2642955Z,Total bytes received: 2.75K,,0
	2026-01-14T02:45:58.3207993Z,,,0
	2026-01-14T02:45:58.3835721Z,sent 27.36K bytes  received 2.75K bytes  4.01K bytes/sec,,0
	2026-01-14T02:45:58.5101955Z,total size is 2.52M  speedup is 83.85,,0
	2026-01-14T02:45:58.5917248Z,Attempt 1: Rsync for filelist /tmp//splits/split.ad completed with exit code 0,,0
	2026-01-14T02:45:58.6696119Z,,,0
	2026-01-14T02:45:58.6999323Z,Number of files: 924 (reg: 756&comma; dir: 168),,0
	2026-01-14T02:45:58.7244347Z,Number of created files: 0,,0
	2026-01-14T02:45:58.7704992Z,Number of deleted files: 0,,0
	2026-01-14T02:45:58.8308277Z,Number of regular files transferred: 0,,0
	2026-01-14T02:45:58.8828812Z,Total file size: 3.47M bytes,,0
	2026-01-14T02:45:58.9329766Z,Total transferred file size: 0 bytes,,0
	2026-01-14T02:45:58.9825753Z,Literal data: 0 bytes,,0
	2026-01-14T02:45:58.9949076Z,Matched data: 0 bytes,,0
	2026-01-14T02:45:59.0620913Z,File list size: 0,,0
	2026-01-14T02:45:59.1729554Z,File list generation time: 3.232 seconds,,0
	2026-01-14T02:45:59.2142240Z,File list transfer time: 0.000 seconds,,0
	2026-01-14T02:45:59.2525543Z,Total bytes sent: 27.37K,,0
	2026-01-14T02:45:59.2825657Z,Total bytes received: 2.75K,,0
	2026-01-14T02:45:59.3112863Z,,,0
	2026-01-14T02:45:59.3626541Z,sent 27.37K bytes  received 2.75K bytes  3.54K bytes/sec,,0
	2026-01-14T02:45:59.4498368Z,total size is 3.47M  speedup is 115.20,,0
	2026-01-14T02:45:59.5195064Z,Attempt 1: Rsync for filelist /tmp//splits/split.ac completed with exit code 0,,0
	2026-01-14T02:45:59.5978679Z,,,0
	2026-01-14T02:45:59.6584416Z,Number of files: 924 (reg: 754&comma; dir: 170),,0
	2026-01-14T02:45:59.6760170Z,Number of created files: 0,,0
	2026-01-14T02:45:59.7602635Z,Number of deleted files: 0,,0
	2026-01-14T02:45:59.8526956Z,Number of regular files transferred: 1,,0
	2026-01-14T02:45:59.8828421Z,Total file size: 2.26M bytes,,0
	2026-01-14T02:45:59.9110050Z,Total transferred file size: 9.99K bytes,,0
	2026-01-14T02:45:59.9445032Z,Literal data: 9.99K bytes,,0
	2026-01-14T02:45:59.9844009Z,Matched data: 0 bytes,,0
	2026-01-14T02:46:00.0426930Z,File list size: 0,,0
	2026-01-14T02:46:00.0628061Z,File list generation time: 3.281 seconds,,0
	2026-01-14T02:46:00.1056522Z,File list transfer time: 0.000 seconds,,0
	2026-01-14T02:46:00.1312795Z,Total bytes sent: 30.31K,,0
	2026-01-14T02:46:00.1642570Z,Total bytes received: 2.74K,,0
	2026-01-14T02:46:00.1912383Z,,,0
	2026-01-14T02:46:00.2043159Z,sent 30.31K bytes  received 2.74K bytes  4.41K bytes/sec,,0
	2026-01-14T02:46:00.2350210Z,total size is 2.26M  speedup is 68.32,,0
	2026-01-14T02:46:00.2725475Z,Attempt 1: Rsync for filelist /tmp//splits/split.ah completed with exit code 0,,0
	2026-01-14T02:46:18.8516022Z,,,0
	2026-01-14T02:46:18.8849764Z,Number of files: 930 (reg: 756&comma; dir: 174),,0
	2026-01-14T02:46:18.9161955Z,Number of created files: 1 (reg: 1),,0
	2026-01-14T02:46:18.9286873Z,Number of deleted files: 0,,0
	2026-01-14T02:46:18.9424872Z,Number of regular files transferred: 338,,0
	2026-01-14T02:46:19.0065678Z,Total file size: 8.36M bytes,,0
	2026-01-14T02:46:19.0246557Z,Total transferred file size: 7.35M bytes,,0
	2026-01-14T02:46:19.0361007Z,Literal data: 7.35M bytes,,0
	2026-01-14T02:46:19.0472697Z,Matched data: 0 bytes,,0
	2026-01-14T02:46:19.0581599Z,File list size: 0,,0
	2026-01-14T02:46:19.0693305Z,File list generation time: 3.232 seconds,,0
	2026-01-14T02:46:19.0857612Z,File list transfer time: 0.000 seconds,,0
	2026-01-14T02:46:19.0978941Z,Total bytes sent: 4.59M,,0
	2026-01-14T02:46:19.1148827Z,Total bytes received: 8.18K,,0
	2026-01-14T02:46:19.1265868Z,,,0
	2026-01-14T02:46:19.1428691Z,sent 4.59M bytes  received 8.18K bytes  137.11K bytes/sec,,0
	2026-01-14T02:46:19.1574484Z,total size is 8.36M  speedup is 1.82,,0
	2026-01-14T02:46:19.1697203Z,Attempt 1: Rsync for filelist /tmp//splits/split.aa completed with exit code 0,,0
	2026-01-14T02:46:19.1891420Z,Completed successfully in 34 seconds,,0
2026-01-14T02:46:19.4000906Z,Build completed succesfully.,3dc58f86-ab25-4f22-994a-87b632c77d71,0
2026-01-14T02:46:19.5731041Z,Running post deployment command(s)...,92cbab5c-02b0-47e6-9e42-190ebfa56f6e,0
2026-01-14T02:46:19.7505751Z,Triggering container recycle for OneDeploy by adding/updating restartTrigger.txt to the site root path,20b676aa-b273-4972-ac45-f72adc624767,0
2026-01-14T02:46:19.9279840Z,Deployment successful. deployer = OneDeploy deploymentPath = OneDeploy,e6727a0a-9152-41a8-aecf-af5a58f8ff48,0
