2026-01-17T21:11:15.4967208Z,Updating submodules.,24b1e071-3be1-4831-bda7-783f303e773f,0
2026-01-17T21:11:16.6563831Z,Preparing deployment for commit id 'bf2c7e49-a'.,ef2f48c2-2e42-4655-b8df-679fd0dbf917,0
2026-01-17T21:11:16.9326965Z,PreDeployment: context.CleanOutputPath False,08b1ddc9-e069-4693-8de6-aa7b9fec659f,0
2026-01-17T21:11:17.0531349Z,PreDeployment: context.OutputPath /home/site/wwwroot,1436fae2-3e58-4629-a76a-1ca9f2e3b282,0
2026-01-17T21:11:17.1860268Z,Running build. Project type: OneDeploy,2a58b77b-946a-4ea6-8e96-da6a827e4637,0
2026-01-17T21:11:17.2819864Z,Copying the manifest,a1dfef80-0daa-4b16-b5f3-9ab61bdfb56a,0
2026-01-17T21:11:17.5001483Z,Running deployment command...,7058fd46-b2cd-4de3-8e0d-6d6fd8e17534,0
	2026-01-17T21:11:17.5096288Z,Command: /opt/Kudu/Scripts/parallel_rsync.sh /tmp/zipdeploy/extracted /home/site/wwwroot 8 /tmp/ False False  ,,0
	2026-01-17T21:11:17.6773675Z,Run rsync from: /tmp/zipdeploy/extracted/ to: /home/site/wwwroot/ in 8 parallel threads,,0
	2026-01-17T21:11:17.7100575Z,Delete options: clean=False&comma; use manifest=False&comma; directory to ignore=,,0
	2026-01-17T21:11:17.7305873Z,Prev manifest = /home/site/deployments/c63d0836-b416-42e4-a91e-78928caddc6d/manifest and next /home/site/deployments/bf2c7e49-af00-424a-af7b-d3f35de6a6b3/manifest,,0
	2026-01-17T21:11:17.7570706Z,Cleaning up /tmp//filelist.txt and /tmp//splits,,0
	2026-01-17T21:11:17.7790547Z,Creating a list of all files at /tmp//filelist.txt,,0
	2026-01-17T21:11:17.8287576Z,No directory to exclude.,,0
	2026-01-17T21:11:18.6888803Z,Created /tmp//filelist.txt. Total number of files to be synced = 6051.,,0
	2026-01-17T21:11:18.8598706Z,Created batches from the list of files. Processing 757 files in each thread,,0
	2026-01-17T21:11:18.9703006Z,Running rsync for filelist /tmp//splits/split.aa from /tmp/zipdeploy/extracted/ to /home/site/wwwroot/,,0
	2026-01-17T21:11:19.0187555Z,Running rsync for filelist /tmp//splits/split.ab from /tmp/zipdeploy/extracted/ to /home/site/wwwroot/,,0
	2026-01-17T21:11:19.1292930Z,Running rsync for filelist /tmp//splits/split.ac from /tmp/zipdeploy/extracted/ to /home/site/wwwroot/,,0
	2026-01-17T21:11:19.1894804Z,Running rsync for filelist /tmp//splits/split.ae from /tmp/zipdeploy/extracted/ to /home/site/wwwroot/,,0
	2026-01-17T21:11:19.2550844Z,Running rsync for filelist /tmp//splits/split.af from /tmp/zipdeploy/extracted/ to /home/site/wwwroot/,,0
	2026-01-17T21:11:19.3456176Z,Running rsync for filelist /tmp//splits/split.ad from /tmp/zipdeploy/extracted/ to /home/site/wwwroot/,,0
	2026-01-17T21:11:19.3769699Z,Running rsync for filelist /tmp//splits/split.ag from /tmp/zipdeploy/extracted/ to /home/site/wwwroot/,,0
	2026-01-17T21:11:19.5054233Z,Running rsync for filelist /tmp//splits/split.ah from /tmp/zipdeploy/extracted/ to /home/site/wwwroot/,,0
	2026-01-17T21:11:24.3722194Z,,,0
	2026-01-17T21:11:24.4206180Z,Number of files: 867 (reg: 757&comma; dir: 110),,0
	2026-01-17T21:11:24.4511339Z,Number of created files: 0,,0
	2026-01-17T21:11:24.4931289Z,Number of deleted files: 0,,0
	2026-01-17T21:11:24.5131369Z,Number of regular files transferred: 10,,0
	2026-01-17T21:11:24.5415616Z,Total file size: 4.66M bytes,,0
	2026-01-17T21:11:24.5724144Z,Total transferred file size: 1.41M bytes,,0
	2026-01-17T21:11:24.5939330Z,Literal data: 1.41M bytes,,0
	2026-01-17T21:11:24.6237085Z,Matched data: 0 bytes,,0
	2026-01-17T21:11:24.6740812Z,File list size: 0,,0
	2026-01-17T21:11:24.6947196Z,File list generation time: 1.582 seconds,,0
	2026-01-17T21:11:24.7137083Z,File list transfer time: 0.000 seconds,,0
	2026-01-17T21:11:24.7555494Z,Total bytes sent: 158.47K,,0
	2026-01-17T21:11:24.7805160Z,Total bytes received: 2.73K,,0
	2026-01-17T21:11:24.8102659Z,,,0
	2026-01-17T21:11:24.8592876Z,sent 158.47K bytes  received 2.73K bytes  24.80K bytes/sec,,0
	2026-01-17T21:11:24.9207719Z,total size is 4.66M  speedup is 28.93,,0
	2026-01-17T21:11:24.9716529Z,Attempt 1: Rsync for filelist /tmp//splits/split.ae completed with exit code 0,,0
	2026-01-17T21:11:25.0410288Z,,,0
	2026-01-17T21:11:25.0809163Z,Number of files: 807 (reg: 757&comma; dir: 50),,0
	2026-01-17T21:11:25.1381484Z,Number of created files: 0,,0
	2026-01-17T21:11:25.2185335Z,Number of deleted files: 0,,0
	2026-01-17T21:11:25.2480898Z,Number of regular files transferred: 0,,0
	2026-01-17T21:11:25.2702088Z,Total file size: 1.88M bytes,,0
	2026-01-17T21:11:25.2983293Z,Total transferred file size: 0 bytes,,0
	2026-01-17T21:11:25.3188974Z,Literal data: 0 bytes,,0
	2026-01-17T21:11:25.3315507Z,Matched data: 0 bytes,,0
	2026-01-17T21:11:25.3572130Z,File list size: 0,,0
	2026-01-17T21:11:25.3771216Z,File list generation time: 2.641 seconds,,0
	2026-01-17T21:11:25.3895166Z,File list transfer time: 0.000 seconds,,0
	2026-01-17T21:11:25.4117570Z,Total bytes sent: 17.76K,,0
	2026-01-17T21:11:25.4384649Z,Total bytes received: 2.44K,,0
	2026-01-17T21:11:25.4485489Z,,,0
	2026-01-17T21:11:25.4628321Z,sent 17.76K bytes  received 2.44K bytes  3.11K bytes/sec,,0
	2026-01-17T21:11:25.4770524Z,total size is 1.88M  speedup is 93.23,,0
	2026-01-17T21:11:25.5167056Z,Attempt 1: Rsync for filelist /tmp//splits/split.af completed with exit code 0,,0
	2026-01-17T21:11:25.5596928Z,,,0
	2026-01-17T21:11:25.5834753Z,Number of files: 866 (reg: 757&comma; dir: 109),,0
	2026-01-17T21:11:25.5986942Z,Number of created files: 0,,0
	2026-01-17T21:11:25.6704304Z,Number of deleted files: 0,,0
	2026-01-17T21:11:25.7252066Z,Number of regular files transferred: 0,,0
	2026-01-17T21:11:25.7355814Z,Total file size: 3.03M bytes,,0
	2026-01-17T21:11:25.7528075Z,Total transferred file size: 0 bytes,,0
	2026-01-17T21:11:25.7640522Z,Literal data: 0 bytes,,0
	2026-01-17T21:11:25.7916378Z,Matched data: 0 bytes,,0
	2026-01-17T21:11:25.8147451Z,File list size: 0,,0
	2026-01-17T21:11:25.8373258Z,File list generation time: 2.308 seconds,,0
	2026-01-17T21:11:25.8464010Z,File list transfer time: 0.000 seconds,,0
	2026-01-17T21:11:25.8577175Z,Total bytes sent: 20.50K,,0
	2026-01-17T21:11:25.8971883Z,Total bytes received: 2.56K,,0
	2026-01-17T21:11:25.9205998Z,,,0
	2026-01-17T21:11:25.9413596Z,sent 20.50K bytes  received 2.56K bytes  3.55K bytes/sec,,0
	2026-01-17T21:11:25.9484711Z,total size is 3.03M  speedup is 131.54,,0
	2026-01-17T21:11:25.9787927Z,Attempt 1: Rsync for filelist /tmp//splits/split.ab completed with exit code 0,,0
	2026-01-17T21:11:25.9888794Z,,,0
	2026-01-17T21:11:26.0271835Z,Number of files: 925 (reg: 757&comma; dir: 168),,0
	2026-01-17T21:11:26.0329177Z,Number of created files: 0,,0
	2026-01-17T21:11:26.0512567Z,Number of deleted files: 0,,0
	2026-01-17T21:11:26.0716502Z,Number of regular files transferred: 0,,0
	2026-01-17T21:11:26.0989614Z,Total file size: 3.46M bytes,,0
	2026-01-17T21:11:26.1051123Z,Total transferred file size: 0 bytes,,0
	2026-01-17T21:11:26.1218634Z,Literal data: 0 bytes,,0
	2026-01-17T21:11:26.1486441Z,Matched data: 0 bytes,,0
	2026-01-17T21:11:26.1728275Z,File list size: 0,,0
	2026-01-17T21:11:26.1850125Z,File list generation time: 1.897 seconds,,0
	2026-01-17T21:11:26.1963377Z,File list transfer time: 0.000 seconds,,0
	2026-01-17T21:11:26.2341055Z,Total bytes sent: 27.41K,,0
	2026-01-17T21:11:26.2472933Z,Total bytes received: 2.75K,,0
	2026-01-17T21:11:26.2820075Z,,,0
	2026-01-17T21:11:26.2887205Z,sent 27.41K bytes  received 2.75K bytes  4.64K bytes/sec,,0
	2026-01-17T21:11:26.3258370Z,total size is 3.46M  speedup is 114.88,,0
	2026-01-17T21:11:26.3508254Z,Attempt 1: Rsync for filelist /tmp//splits/split.ac completed with exit code 0,,0
	2026-01-17T21:11:26.3586839Z,,,0
	2026-01-17T21:11:26.3760507Z,Number of files: 917 (reg: 757&comma; dir: 160),,0
	2026-01-17T21:11:26.3869527Z,Number of created files: 0,,0
	2026-01-17T21:11:26.3976910Z,Number of deleted files: 0,,0
	2026-01-17T21:11:26.5563183Z,Number of regular files transferred: 1,,0
	2026-01-17T21:11:26.6975985Z,Total file size: 2.53M bytes,,0
	2026-01-17T21:11:26.7783651Z,Total transferred file size: 748 bytes,,0
	2026-01-17T21:11:26.8171900Z,Literal data: 748 bytes,,0
	2026-01-17T21:11:26.8635408Z,Matched data: 0 bytes,,0
	2026-01-17T21:11:26.8812763Z,File list size: 0,,0
	2026-01-17T21:11:26.8895525Z,File list generation time: 1.957 seconds,,0
	2026-01-17T21:11:26.9068094Z,File list transfer time: 0.000 seconds,,0
	2026-01-17T21:11:26.9199946Z,Total bytes sent: 27.35K,,0
	2026-01-17T21:11:26.9324137Z,Total bytes received: 2.75K,,0
	2026-01-17T21:11:26.9404401Z,,,0
	2026-01-17T21:11:26.9849169Z,sent 27.35K bytes  received 2.75K bytes  4.63K bytes/sec,,0
	2026-01-17T21:11:26.9929527Z,total size is 2.53M  speedup is 84.07,,0
	2026-01-17T21:11:27.0020788Z,Attempt 1: Rsync for filelist /tmp//splits/split.ad completed with exit code 0,,0
	2026-01-17T21:11:27.0477807Z,,,0
	2026-01-17T21:11:27.0629804Z,Number of files: 901 (reg: 757&comma; dir: 144),,0
	2026-01-17T21:11:27.0716330Z,Number of created files: 0,,0
	2026-01-17T21:11:27.0880370Z,Number of deleted files: 0,,0
	2026-01-17T21:11:27.1153293Z,Number of regular files transferred: 0,,0
	2026-01-17T21:11:27.1244497Z,Total file size: 3.48M bytes,,0
	2026-01-17T21:11:27.1448636Z,Total transferred file size: 0 bytes,,0
	2026-01-17T21:11:27.1559155Z,Literal data: 0 bytes,,0
	2026-01-17T21:11:27.1899047Z,Matched data: 0 bytes,,0
	2026-01-17T21:11:27.1944866Z,File list size: 0,,0
	2026-01-17T21:11:27.2061973Z,File list generation time: 2.563 seconds,,0
	2026-01-17T21:11:27.2380352Z,File list transfer time: 0.000 seconds,,0
	2026-01-17T21:11:27.2575738Z,Total bytes sent: 25.28K,,0
	2026-01-17T21:11:27.2715834Z,Total bytes received: 2.67K,,0
	2026-01-17T21:11:27.2916364Z,,,0
	2026-01-17T21:11:27.3190173Z,sent 25.28K bytes  received 2.67K bytes  3.73K bytes/sec,,0
	2026-01-17T21:11:27.3317610Z,total size is 3.48M  speedup is 124.56,,0
	2026-01-17T21:11:27.3653629Z,Attempt 1: Rsync for filelist /tmp//splits/split.ag completed with exit code 0,,0
	2026-01-17T21:11:27.3807797Z,,,0
	2026-01-17T21:11:27.3999638Z,Number of files: 921 (reg: 752&comma; dir: 169),,0
	2026-01-17T21:11:27.4063658Z,Number of created files: 0,,0
	2026-01-17T21:11:27.4594872Z,Number of deleted files: 0,,0
	2026-01-17T21:11:27.4710308Z,Number of regular files transferred: 1,,0
	2026-01-17T21:11:27.5016406Z,Total file size: 2.26M bytes,,0
	2026-01-17T21:11:27.5259347Z,Total transferred file size: 9.99K bytes,,0
	2026-01-17T21:11:27.5448416Z,Literal data: 9.99K bytes,,0
	2026-01-17T21:11:27.6035400Z,Matched data: 0 bytes,,0
	2026-01-17T21:11:27.6727057Z,File list size: 0,,0
	2026-01-17T21:11:27.7229546Z,File list generation time: 2.380 seconds,,0
	2026-01-17T21:11:27.7605463Z,File list transfer time: 0.000 seconds,,0
	2026-01-17T21:11:27.7669414Z,Total bytes sent: 30.21K,,0
	2026-01-17T21:11:27.7851756Z,Total bytes received: 2.73K,,0
	2026-01-17T21:11:27.8422427Z,,,0
	2026-01-17T21:11:27.8471963Z,sent 30.21K bytes  received 2.73K bytes  4.39K bytes/sec,,0
	2026-01-17T21:11:27.8675890Z,total size is 2.26M  speedup is 68.52,,0
	2026-01-17T21:11:27.9585143Z,Attempt 1: Rsync for filelist /tmp//splits/split.ah completed with exit code 0,,0
	2026-01-17T21:11:45.0662875Z,,,0
	2026-01-17T21:11:45.0914768Z,Number of files: 931 (reg: 757&comma; dir: 174),,0
	2026-01-17T21:11:45.0974655Z,Number of created files: 77 (reg: 77),,0
	2026-01-17T21:11:45.1092577Z,Number of deleted files: 0,,0
	2026-01-17T21:11:45.1232577Z,Number of regular files transferred: 343,,0
	2026-01-17T21:11:45.1381855Z,Total file size: 8.34M bytes,,0
	2026-01-17T21:11:45.1434671Z,Total transferred file size: 7.40M bytes,,0
	2026-01-17T21:11:45.1670222Z,Literal data: 7.40M bytes,,0
	2026-01-17T21:11:45.1797597Z,Matched data: 0 bytes,,0
	2026-01-17T21:11:45.1946388Z,File list size: 0,,0
	2026-01-17T21:11:45.2063269Z,File list generation time: 2.601 seconds,,0
	2026-01-17T21:11:45.2483578Z,File list transfer time: 0.000 seconds,,0
	2026-01-17T21:11:45.2777473Z,Total bytes sent: 4.59M,,0
	2026-01-17T21:11:45.3102416Z,Total bytes received: 8.26K,,0
	2026-01-17T21:11:45.3383359Z,,,0
	2026-01-17T21:11:45.3427754Z,sent 4.59M bytes  received 8.26K bytes  173.52K bytes/sec,,0
	2026-01-17T21:11:45.3500405Z,total size is 8.34M  speedup is 1.81,,0
	2026-01-17T21:11:45.3593609Z,Attempt 1: Rsync for filelist /tmp//splits/split.aa completed with exit code 0,,0
	2026-01-17T21:11:45.3772464Z,Completed successfully in 28 seconds,,0
2026-01-17T21:11:45.5316407Z,Build completed succesfully.,b823a0c6-b71d-4034-9ca9-ed30e390cbf4,0
2026-01-17T21:11:45.7452339Z,Running post deployment command(s)...,0949cc92-3e9a-40ee-9f81-43a71ce8484f,0
2026-01-17T21:11:45.8936166Z,Triggering container recycle for OneDeploy by adding/updating restartTrigger.txt to the site root path,dd8c42b8-db23-4771-ba7f-d22035a269f3,0
2026-01-17T21:11:46.0350803Z,Deployment successful. deployer = OneDeploy deploymentPath = OneDeploy,df107b46-ac78-46e9-9101-903fa8e2f546,0
